<?xml version="1.0" encoding="UTF-8"?>
<coverage generated="1626076646225" clover="3.2.0">
  <project timestamp="1626076646225" name="All files">
    <metrics statements="26" coveredstatements="26" conditionals="0" coveredconditionals="0" methods="2" coveredmethods="2" elements="28" coveredelements="28" complexity="0" loc="26" ncloc="26" packages="1" files="1" classes="1"/>
    <file name="primeNumbers.js" path="C:\Users\Fabian\OneDrive\Escritorio\test_frontend\ejercicio_01\primeNumbers.js">
      <metrics statements="26" coveredstatements="26" conditionals="0" coveredconditionals="0" methods="2" coveredmethods="2"/>
      <line num="1" count="1" type="stmt"/>
      <line num="2" count="1" type="stmt"/>
      <line num="3" count="55" type="stmt"/>
      <line num="4" count="55" type="stmt"/>
      <line num="5" count="55" type="stmt"/>
      <line num="6" count="55" type="stmt"/>
      <line num="7" count="55" type="stmt"/>
      <line num="8" count="55" type="stmt"/>
      <line num="9" count="1" type="stmt"/>
      <line num="10" count="1" type="stmt"/>
      <line num="11" count="10" type="stmt"/>
      <line num="12" count="10" type="stmt"/>
      <line num="13" count="10" type="stmt"/>
      <line num="14" count="10" type="stmt"/>
      <line num="15" count="10" type="stmt"/>
      <line num="16" count="10" type="stmt"/>
      <line num="17" count="10" type="stmt"/>
      <line num="18" count="10" type="stmt"/>
      <line num="19" count="10" type="stmt"/>
      <line num="20" count="10" type="stmt"/>
      <line num="21" count="10" type="stmt"/>
      <line num="22" count="10" type="stmt"/>
      <line num="23" count="10" type="stmt"/>
      <line num="24" count="1" type="stmt"/>
      <line num="25" count="1" type="stmt"/>
      <line num="26" count="1" type="stmt"/>
    </file>
  </project>
</coverage>
